<?xml version="1.0" encoding="UTF-8"?>
<!-- Generated by org.testng.reporters.JUnitXMLReporter -->
<testsuite ignored="0" hostname="Shamanth" failures="0" tests="1" name="Test-0" time="13.608" errors="0" timestamp="2024-02-06T15:27:39 IST">
  <testcase classname="masudeocross.TestDemo" name="titleCheck" time="10.971"/>
</testsuite> <!-- Test-0 -->
