<?xml version="1.0" encoding="UTF-8"?>
<!-- Generated by org.testng.reporters.JUnitXMLReporter -->
<testsuite ignored="0" hostname="Shamanth" failures="0" tests="1" name="Test-1" time="13.794" errors="0" timestamp="2024-02-06T15:27:36 IST">
  <testcase classname="masudeocross.TestDemo" name="titleCheck" time="11.875"/>
</testsuite> <!-- Test-1 -->
