<?xml version="1.0" encoding="UTF-8"?>
<!-- Generated by org.testng.reporters.JUnitXMLReporter -->
<testsuite ignored="0" hostname="Shamanth" failures="0" tests="1" name="Test-0" time="15.03" errors="0" timestamp="2024-02-13T20:51:48 IST">
  <testcase classname="masudeocross.TestDemo" name="titleCheck" time="12.7"/>
</testsuite> <!-- Test-0 -->
