<?xml version="1.0" encoding="UTF-8"?>
<!-- Generated by org.testng.reporters.JUnitXMLReporter -->
<testsuite ignored="0" hostname="Shamanth" failures="0" tests="1" name="Test-1" time="18.818" errors="0" timestamp="2024-02-13T20:51:52 IST">
  <testcase classname="masudeocross.TestDemo" name="titleCheck" time="16.931"/>
</testsuite> <!-- Test-1 -->
