<?xml version="1.0" encoding="UTF-8"?>
<!-- Generated by org.testng.reporters.JUnitXMLReporter -->
<testsuite ignored="0" hostname="Shamanth" failures="0" tests="1" name="Test-2" time="20.411" errors="0" timestamp="2024-02-06T15:27:43 IST">
  <testcase classname="masudeocross.TestDemo" name="titleCheck" time="20.075"/>
</testsuite> <!-- Test-2 -->
