<?xml version="1.0" encoding="UTF-8"?>
<!-- Generated by org.testng.reporters.JUnitReportReporter -->
<testsuite hostname="Shamanth" failures="0" tests="3" name="masudeocross.TestDemoTwo" time="54.611" errors="0" timestamp="2024-02-06T15:28:06 IST" skipped="0">
  <testcase classname="masudeocross.TestDemoTwo" name="titleCheckGit" time="17.107"/>
  <testcase classname="masudeocross.TestDemoTwo" name="titleCheckGit" time="20.408"/>
  <testcase classname="masudeocross.TestDemoTwo" name="titleCheckGit" time="17.096"/>
</testsuite> <!-- masudeocross.TestDemoTwo -->
