<?xml version="1.0" encoding="UTF-8"?>
<!-- Generated by org.testng.reporters.JUnitReportReporter -->
<testsuite hostname="Shamanth" failures="0" tests="3" name="masudeocross.TestDemoTwo" time="50.708" errors="0" timestamp="2024-02-13T20:52:17 IST" skipped="0">
  <testcase classname="masudeocross.TestDemoTwo" name="titleCheckGit" time="21.574"/>
  <testcase classname="masudeocross.TestDemoTwo" name="titleCheckGit" time="15.758"/>
  <testcase classname="masudeocross.TestDemoTwo" name="titleCheckGit" time="13.376"/>
</testsuite> <!-- masudeocross.TestDemoTwo -->
