<?xml version="1.0" encoding="UTF-8"?>
<!-- Generated by org.testng.reporters.JUnitReportReporter -->
<testsuite hostname="Shamanth" failures="0" tests="3" name="masudeocross.TestDemo" time="49.386" errors="0" timestamp="2024-02-13T20:52:17 IST" skipped="0">
  <testcase classname="masudeocross.TestDemo" name="titleCheck" time="16.931"/>
  <testcase classname="masudeocross.TestDemo" name="titleCheck" time="19.755"/>
  <testcase classname="masudeocross.TestDemo" name="titleCheck" time="12.700"/>
</testsuite> <!-- masudeocross.TestDemo -->
