<?xml version="1.0" encoding="UTF-8"?>
<!-- Generated by org.testng.reporters.JUnitReportReporter -->
<testsuite hostname="Shamanth" failures="0" tests="3" name="masudeocross.TestDemo" time="42.921" errors="0" timestamp="2024-02-06T15:28:06 IST" skipped="0">
  <testcase classname="masudeocross.TestDemo" name="titleCheck" time="10.971"/>
  <testcase classname="masudeocross.TestDemo" name="titleCheck" time="20.075"/>
  <testcase classname="masudeocross.TestDemo" name="titleCheck" time="11.875"/>
</testsuite> <!-- masudeocross.TestDemo -->
